mode: atomic
github.com/ionos-cloud/v8go/backports.go:9.42,11.2 1 0
github.com/ionos-cloud/v8go/context.go:51.48,53.24 2 6173
github.com/ionos-cloud/v8go/context.go:53.24,54.15 1 6167
github.com/ionos-cloud/v8go/context.go:54.15,56.4 1 6150
github.com/ionos-cloud/v8go/context.go:59.2,59.21 1 6173
github.com/ionos-cloud/v8go/context.go:59.21,61.3 1 37
github.com/ionos-cloud/v8go/context.go:63.2,63.23 1 6173
github.com/ionos-cloud/v8go/context.go:63.23,65.3 1 6159
github.com/ionos-cloud/v8go/context.go:67.2,79.12 8 6173
github.com/ionos-cloud/v8go/context.go:83.38,85.2 1 45
github.com/ionos-cloud/v8go/context.go:87.44,91.2 3 2
github.com/ionos-cloud/v8go/context.go:96.75,104.2 6 6246
github.com/ionos-cloud/v8go/context.go:113.36,117.2 3 6016
github.com/ionos-cloud/v8go/context.go:121.48,123.2 1 1
github.com/ionos-cloud/v8go/context.go:127.27,131.2 3 6174
github.com/ionos-cloud/v8go/context.go:133.30,136.14 3 6173
github.com/ionos-cloud/v8go/context.go:136.14,139.3 2 6173
github.com/ionos-cloud/v8go/context.go:140.2,141.19 2 6173
github.com/ionos-cloud/v8go/context.go:144.32,148.14 4 6174
github.com/ionos-cloud/v8go/context.go:148.14,150.3 1 1
github.com/ionos-cloud/v8go/context.go:151.2,152.21 2 6173
github.com/ionos-cloud/v8go/context.go:152.21,154.3 1 6173
github.com/ionos-cloud/v8go/context.go:157.35,161.14 4 34
github.com/ionos-cloud/v8go/context.go:161.14,163.3 1 1
github.com/ionos-cloud/v8go/context.go:164.2,164.14 1 33
github.com/ionos-cloud/v8go/context.go:168.38,171.2 2 16
github.com/ionos-cloud/v8go/context.go:173.64,174.22 1 6315
github.com/ionos-cloud/v8go/context.go:174.22,176.3 1 15
github.com/ionos-cloud/v8go/context.go:177.2,177.36 1 6300
github.com/ionos-cloud/v8go/context.go:180.66,181.22 1 16
github.com/ionos-cloud/v8go/context.go:181.22,183.3 1 1
github.com/ionos-cloud/v8go/context.go:184.2,184.45 1 15
github.com/ionos-cloud/v8go/cpuprofile.go:33.40,35.2 1 2
github.com/ionos-cloud/v8go/cpuprofile.go:38.55,40.2 1 2
github.com/ionos-cloud/v8go/cpuprofile.go:43.50,45.2 1 1
github.com/ionos-cloud/v8go/cpuprofile.go:49.31,50.16 1 5
github.com/ionos-cloud/v8go/cpuprofile.go:50.16,52.3 1 1
github.com/ionos-cloud/v8go/cpuprofile.go:53.2,54.11 2 4
github.com/ionos-cloud/v8go/cpuprofilenode.go:40.42,42.2 1 0
github.com/ionos-cloud/v8go/cpuprofilenode.go:45.44,47.2 1 0
github.com/ionos-cloud/v8go/cpuprofilenode.go:50.51,52.2 1 22
github.com/ionos-cloud/v8go/cpuprofilenode.go:55.57,57.2 1 6
github.com/ionos-cloud/v8go/cpuprofilenode.go:60.46,62.2 1 6
github.com/ionos-cloud/v8go/cpuprofilenode.go:65.48,67.2 1 6
github.com/ionos-cloud/v8go/cpuprofilenode.go:70.44,72.2 1 0
github.com/ionos-cloud/v8go/cpuprofilenode.go:75.52,77.2 1 0
github.com/ionos-cloud/v8go/cpuprofilenode.go:80.54,82.2 1 1
github.com/ionos-cloud/v8go/cpuprofilenode.go:84.49,86.2 1 6
github.com/ionos-cloud/v8go/cpuprofilenode.go:89.62,91.2 1 20
github.com/ionos-cloud/v8go/cpuprofiler.go:24.48,30.2 2 6
github.com/ionos-cloud/v8go/cpuprofiler.go:33.33,34.16 1 7
github.com/ionos-cloud/v8go/cpuprofiler.go:34.16,36.3 1 1
github.com/ionos-cloud/v8go/cpuprofiler.go:38.2,39.11 2 6
github.com/ionos-cloud/v8go/cpuprofiler.go:45.52,46.36 1 6
github.com/ionos-cloud/v8go/cpuprofiler.go:46.36,47.39 1 2
github.com/ionos-cloud/v8go/cpuprofiler.go:50.2,53.40 3 4
github.com/ionos-cloud/v8go/cpuprofiler.go:58.63,59.36 1 6
github.com/ionos-cloud/v8go/cpuprofiler.go:59.36,60.39 1 2
github.com/ionos-cloud/v8go/cpuprofiler.go:63.2,74.3 4 4
github.com/ionos-cloud/v8go/cpuprofiler.go:77.88,90.28 2 41
github.com/ionos-cloud/v8go/cpuprofiler.go:90.28,92.126 2 25
github.com/ionos-cloud/v8go/cpuprofiler.go:92.126,94.4 1 37
github.com/ionos-cloud/v8go/cpuprofiler.go:97.2,97.10 1 41
github.com/ionos-cloud/v8go/errors.go:28.42,39.2 5 17
github.com/ionos-cloud/v8go/errors.go:41.34,43.2 1 5
github.com/ionos-cloud/v8go/errors.go:47.50,48.14 1 10
github.com/ionos-cloud/v8go/errors.go:49.11,50.40 1 6
github.com/ionos-cloud/v8go/errors.go:50.40,57.53 2 2
github.com/ionos-cloud/v8go/errors.go:57.53,59.5 1 1
github.com/ionos-cloud/v8go/errors.go:60.4,60.10 1 2
github.com/ionos-cloud/v8go/errors.go:62.3,62.14 1 4
github.com/ionos-cloud/v8go/errors.go:63.11,64.31 1 6
github.com/ionos-cloud/v8go/errors.go:65.11,66.34 1 2
github.com/ionos-cloud/v8go/function.go:20.71,22.19 2 14
github.com/ionos-cloud/v8go/function.go:22.19,24.28 2 8
github.com/ionos-cloud/v8go/function.go:24.28,26.4 1 9
github.com/ionos-cloud/v8go/function.go:27.3,27.52 1 8
github.com/ionos-cloud/v8go/function.go:29.2,30.33 2 14
github.com/ionos-cloud/v8go/function.go:34.66,36.19 2 2
github.com/ionos-cloud/v8go/function.go:36.19,38.28 2 1
github.com/ionos-cloud/v8go/function.go:38.28,40.4 1 1
github.com/ionos-cloud/v8go/function.go:41.3,41.52 1 1
github.com/ionos-cloud/v8go/function.go:43.2,44.34 2 2
github.com/ionos-cloud/v8go/function.go:48.43,51.2 2 2
github.com/ionos-cloud/v8go/function_template.go:27.51,29.2 1 1
github.com/ionos-cloud/v8go/function_template.go:32.47,34.2 1 1
github.com/ionos-cloud/v8go/function_template.go:37.48,39.2 1 13
github.com/ionos-cloud/v8go/function_template.go:41.42,42.29 1 1
github.com/ionos-cloud/v8go/function_template.go:42.29,44.3 1 4
github.com/ionos-cloud/v8go/function_template.go:45.2,45.18 1 1
github.com/ionos-cloud/v8go/function_template.go:56.85,57.16 1 15
github.com/ionos-cloud/v8go/function_template.go:57.16,58.46 1 1
github.com/ionos-cloud/v8go/function_template.go:60.2,60.21 1 14
github.com/ionos-cloud/v8go/function_template.go:60.21,61.55 1 1
github.com/ionos-cloud/v8go/function_template.go:64.2,71.32 4 13
github.com/ionos-cloud/v8go/function_template.go:75.67,79.16 4 1
github.com/ionos-cloud/v8go/function_template.go:79.16,80.13 1 0
github.com/ionos-cloud/v8go/function_template.go:82.2,82.23 1 1
github.com/ionos-cloud/v8go/function_template.go:89.99,100.25 5 16
github.com/ionos-cloud/v8go/function_template.go:100.25,103.3 2 21
github.com/ionos-cloud/v8go/function_template.go:105.2,106.43 2 16
github.com/ionos-cloud/v8go/function_template.go:106.43,108.3 1 4
github.com/ionos-cloud/v8go/function_template.go:109.2,109.12 1 12
github.com/ionos-cloud/v8go/isolate.go:54.28,63.2 5 80
github.com/ionos-cloud/v8go/isolate.go:67.40,69.2 1 1
github.com/ionos-cloud/v8go/isolate.go:74.49,76.2 1 2
github.com/ionos-cloud/v8go/isolate.go:89.108,96.28 6 6
github.com/ionos-cloud/v8go/isolate.go:96.28,97.21 1 3
github.com/ionos-cloud/v8go/isolate.go:97.21,98.69 1 1
github.com/ionos-cloud/v8go/isolate.go:100.3,104.4 2 2
github.com/ionos-cloud/v8go/isolate.go:105.8,107.3 1 3
github.com/ionos-cloud/v8go/isolate.go:109.2,110.20 2 5
github.com/ionos-cloud/v8go/isolate.go:110.20,112.3 1 1
github.com/ionos-cloud/v8go/isolate.go:113.2,113.28 1 4
github.com/ionos-cloud/v8go/isolate.go:113.28,115.3 1 2
github.com/ionos-cloud/v8go/isolate.go:116.2,119.8 1 4
github.com/ionos-cloud/v8go/isolate.go:123.54,139.2 2 4
github.com/ionos-cloud/v8go/isolate.go:142.29,143.18 1 83
github.com/ionos-cloud/v8go/isolate.go:143.18,145.3 1 3
github.com/ionos-cloud/v8go/isolate.go:146.2,147.13 2 80
github.com/ionos-cloud/v8go/isolate.go:154.55,155.18 1 3
github.com/ionos-cloud/v8go/isolate.go:155.18,156.37 1 1
github.com/ionos-cloud/v8go/isolate.go:158.2,160.3 1 2
github.com/ionos-cloud/v8go/isolate.go:164.27,166.2 1 1
github.com/ionos-cloud/v8go/isolate.go:168.47,170.2 1 6136
github.com/ionos-cloud/v8go/isolate.go:172.61,179.2 6 18
github.com/ionos-cloud/v8go/isolate.go:181.57,185.2 3 18
github.com/ionos-cloud/v8go/json.go:18.58,19.16 1 4
github.com/ionos-cloud/v8go/json.go:19.16,21.3 1 1
github.com/ionos-cloud/v8go/json.go:22.2,26.30 4 3
github.com/ionos-cloud/v8go/json.go:30.62,31.38 1 7
github.com/ionos-cloud/v8go/json.go:31.38,33.3 1 2
github.com/ionos-cloud/v8go/json.go:35.2,36.16 2 5
github.com/ionos-cloud/v8go/json.go:36.16,38.3 1 2
github.com/ionos-cloud/v8go/json.go:40.2,42.29 3 5
github.com/ionos-cloud/v8go/object.go:22.80,28.16 5 4
github.com/ionos-cloud/v8go/object.go:28.16,30.3 1 1
github.com/ionos-cloud/v8go/object.go:31.2,32.16 2 3
github.com/ionos-cloud/v8go/object.go:32.16,34.3 1 1
github.com/ionos-cloud/v8go/object.go:35.2,35.28 1 2
github.com/ionos-cloud/v8go/object.go:38.65,39.25 1 10
github.com/ionos-cloud/v8go/object.go:40.69,44.20 2 5
github.com/ionos-cloud/v8go/object.go:45.14,46.24 1 1
github.com/ionos-cloud/v8go/object.go:47.10,48.75 1 4
github.com/ionos-cloud/v8go/object.go:56.57,58.16 2 5
github.com/ionos-cloud/v8go/object.go:58.16,60.3 1 2
github.com/ionos-cloud/v8go/object.go:62.2,65.12 4 3
github.com/ionos-cloud/v8go/object.go:72.60,74.16 2 2
github.com/ionos-cloud/v8go/object.go:74.16,76.3 1 1
github.com/ionos-cloud/v8go/object.go:78.2,80.12 2 1
github.com/ionos-cloud/v8go/object.go:85.70,87.16 2 3
github.com/ionos-cloud/v8go/object.go:87.16,89.3 1 1
github.com/ionos-cloud/v8go/object.go:91.2,93.19 2 2
github.com/ionos-cloud/v8go/object.go:93.19,94.91 1 1
github.com/ionos-cloud/v8go/object.go:97.2,97.12 1 1
github.com/ionos-cloud/v8go/object.go:101.46,104.2 2 4
github.com/ionos-cloud/v8go/object.go:107.50,113.2 4 15
github.com/ionos-cloud/v8go/object.go:118.54,120.16 2 3
github.com/ionos-cloud/v8go/object.go:120.16,121.91 1 1
github.com/ionos-cloud/v8go/object.go:123.2,123.27 1 2
github.com/ionos-cloud/v8go/object.go:127.53,130.2 2 2
github.com/ionos-cloud/v8go/object.go:134.39,138.2 3 4
github.com/ionos-cloud/v8go/object.go:141.42,143.2 1 2
github.com/ionos-cloud/v8go/object.go:146.42,150.2 3 1
github.com/ionos-cloud/v8go/object.go:153.45,155.2 1 1
github.com/ionos-cloud/v8go/object_template.go:40.54,41.16 1 24
github.com/ionos-cloud/v8go/object_template.go:41.16,42.46 1 1
github.com/ionos-cloud/v8go/object_template.go:45.2,50.30 3 23
github.com/ionos-cloud/v8go/object_template.go:54.69,55.16 1 7
github.com/ionos-cloud/v8go/object_template.go:55.16,57.3 1 1
github.com/ionos-cloud/v8go/object_template.go:59.2,61.31 3 6
github.com/ionos-cloud/v8go/object_template.go:66.67,68.2 1 1
github.com/ionos-cloud/v8go/object_template.go:72.54,74.2 1 1
github.com/ionos-cloud/v8go/object_template.go:76.54,78.2 1 14
github.com/ionos-cloud/v8go/promise.go:39.65,40.16 1 5
github.com/ionos-cloud/v8go/promise.go:40.16,42.3 1 1
github.com/ionos-cloud/v8go/promise.go:43.2,45.16 3 4
github.com/ionos-cloud/v8go/promise.go:45.16,47.3 1 0
github.com/ionos-cloud/v8go/promise.go:48.2,48.40 1 4
github.com/ionos-cloud/v8go/promise.go:54.49,55.19 1 4
github.com/ionos-cloud/v8go/promise.go:55.19,59.3 3 4
github.com/ionos-cloud/v8go/promise.go:60.2,60.15 1 4
github.com/ionos-cloud/v8go/promise.go:65.52,67.2 1 2
github.com/ionos-cloud/v8go/promise.go:71.51,73.2 1 1
github.com/ionos-cloud/v8go/promise.go:76.40,78.2 1 777264
github.com/ionos-cloud/v8go/promise.go:83.35,87.2 3 2
github.com/ionos-cloud/v8go/promise.go:97.58,99.18 2 4
github.com/ionos-cloud/v8go/promise.go:100.9,102.42 2 1
github.com/ionos-cloud/v8go/promise.go:103.9,106.58 3 1
github.com/ionos-cloud/v8go/promise.go:108.10,109.37 1 2
github.com/ionos-cloud/v8go/promise.go:111.2,112.16 2 2
github.com/ionos-cloud/v8go/promise.go:112.16,113.13 1 0
github.com/ionos-cloud/v8go/promise.go:115.2,115.22 1 2
github.com/ionos-cloud/v8go/promise.go:120.55,124.16 4 1
github.com/ionos-cloud/v8go/promise.go:124.16,125.13 1 0
github.com/ionos-cloud/v8go/promise.go:127.2,127.22 1 1
github.com/ionos-cloud/v8go/template.go:28.93,33.31 4 32
github.com/ionos-cloud/v8go/template.go:33.31,35.3 1 18
github.com/ionos-cloud/v8go/template.go:37.2,37.25 1 32
github.com/ionos-cloud/v8go/template.go:38.69,40.17 2 17
github.com/ionos-cloud/v8go/template.go:40.17,42.4 1 0
github.com/ionos-cloud/v8go/template.go:43.3,43.61 1 17
github.com/ionos-cloud/v8go/template.go:44.23,46.23 2 3
github.com/ionos-cloud/v8go/template.go:47.25,49.23 2 11
github.com/ionos-cloud/v8go/template.go:50.14,51.37 1 1
github.com/ionos-cloud/v8go/template.go:51.37,53.4 1 0
github.com/ionos-cloud/v8go/template.go:54.3,54.56 1 1
github.com/ionos-cloud/v8go/template.go:55.10,56.196 1 0
github.com/ionos-cloud/v8go/template.go:58.2,60.12 2 32
github.com/ionos-cloud/v8go/template.go:63.32,69.2 2 32
github.com/ionos-cloud/v8go/unbound_script.go:21.59,22.28 1 6
github.com/ionos-cloud/v8go/unbound_script.go:22.28,23.92 1 1
github.com/ionos-cloud/v8go/unbound_script.go:25.2,26.30 2 5
github.com/ionos-cloud/v8go/unbound_script.go:30.63,39.2 4 1
github.com/ionos-cloud/v8go/v8go.go:20.23,22.2 1 1
github.com/ionos-cloud/v8go/v8go.go:28.32,32.2 3 2
github.com/ionos-cloud/v8go/v8go.go:34.30,35.19 1 80
github.com/ionos-cloud/v8go/v8go.go:35.19,40.3 4 1
github.com/ionos-cloud/v8go/value.go:31.32,33.2 1 38
github.com/ionos-cloud/v8go/value.go:35.40,39.2 1 80
github.com/ionos-cloud/v8go/value.go:41.45,45.2 1 80
github.com/ionos-cloud/v8go/value.go:48.37,50.2 1 7
github.com/ionos-cloud/v8go/value.go:53.32,55.2 1 2
github.com/ionos-cloud/v8go/value.go:66.62,67.16 1 43
github.com/ionos-cloud/v8go/value.go:67.16,69.3 1 1
github.com/ionos-cloud/v8go/value.go:71.2,73.25 2 42
github.com/ionos-cloud/v8go/value.go:74.14,78.31 4 23
github.com/ionos-cloud/v8go/value.go:79.13,82.4 1 7
github.com/ionos-cloud/v8go/value.go:83.14,86.4 1 1
github.com/ionos-cloud/v8go/value.go:87.13,90.4 1 1
github.com/ionos-cloud/v8go/value.go:91.14,94.4 1 1
github.com/ionos-cloud/v8go/value.go:95.12,97.8 2 2
github.com/ionos-cloud/v8go/value.go:97.8,99.4 1 2
github.com/ionos-cloud/v8go/value.go:100.3,102.4 1 2
github.com/ionos-cloud/v8go/value.go:103.15,106.4 1 1
github.com/ionos-cloud/v8go/value.go:107.16,108.18 1 4
github.com/ionos-cloud/v8go/value.go:108.18,112.9 2 1
github.com/ionos-cloud/v8go/value.go:115.3,115.19 1 3
github.com/ionos-cloud/v8go/value.go:115.19,119.9 2 1
github.com/ionos-cloud/v8go/value.go:122.3,123.21 2 2
github.com/ionos-cloud/v8go/value.go:123.21,125.4 1 1
github.com/ionos-cloud/v8go/value.go:126.3,130.31 4 2
github.com/ionos-cloud/v8go/value.go:130.31,132.4 1 4
github.com/ionos-cloud/v8go/value.go:134.3,135.31 2 2
github.com/ionos-cloud/v8go/value.go:136.10,137.65 1 2
github.com/ionos-cloud/v8go/value.go:140.2,140.20 1 15
github.com/ionos-cloud/v8go/value.go:145.48,146.14 1 21
github.com/ionos-cloud/v8go/value.go:147.11,148.18 1 19
github.com/ionos-cloud/v8go/value.go:148.18,151.4 2 13
github.com/ionos-cloud/v8go/value.go:152.3,152.14 1 6
github.com/ionos-cloud/v8go/value.go:153.11,154.32 1 7
github.com/ionos-cloud/v8go/value.go:155.11,156.35 1 1
github.com/ionos-cloud/v8go/value.go:161.52,164.21 3 10
github.com/ionos-cloud/v8go/value.go:164.21,166.3 1 5
github.com/ionos-cloud/v8go/value.go:167.2,167.32 1 5
github.com/ionos-cloud/v8go/value.go:171.35,172.14 1 7
github.com/ionos-cloud/v8go/value.go:172.14,174.3 1 1
github.com/ionos-cloud/v8go/value.go:175.2,177.28 3 6
github.com/ionos-cloud/v8go/value.go:177.28,179.3 1 0
github.com/ionos-cloud/v8go/value.go:180.2,188.24 6 6
github.com/ionos-cloud/v8go/value.go:188.24,190.3 1 2
github.com/ionos-cloud/v8go/value.go:192.2,192.10 1 6
github.com/ionos-cloud/v8go/value.go:196.32,198.2 1 16
github.com/ionos-cloud/v8go/value.go:201.39,203.21 2 17
github.com/ionos-cloud/v8go/value.go:203.21,205.13 2 0
github.com/ionos-cloud/v8go/value.go:207.2,208.42 2 17
github.com/ionos-cloud/v8go/value.go:213.31,215.2 1 17
github.com/ionos-cloud/v8go/value.go:220.33,222.2 1 17
github.com/ionos-cloud/v8go/value.go:225.34,227.2 1 14
github.com/ionos-cloud/v8go/value.go:231.34,234.16 3 1
github.com/ionos-cloud/v8go/value.go:234.16,235.13 1 0
github.com/ionos-cloud/v8go/value.go:237.2,237.12 1 1
github.com/ionos-cloud/v8go/value.go:243.33,247.2 3 46
github.com/ionos-cloud/v8go/value.go:251.33,253.2 1 3
github.com/ionos-cloud/v8go/value.go:257.46,259.2 1 6
github.com/ionos-cloud/v8go/value.go:262.36,264.2 1 6
github.com/ionos-cloud/v8go/value.go:267.31,269.2 1 1
github.com/ionos-cloud/v8go/value.go:274.42,276.2 1 4
github.com/ionos-cloud/v8go/value.go:281.31,283.2 1 1
github.com/ionos-cloud/v8go/value.go:288.32,290.2 1 1
github.com/ionos-cloud/v8go/value.go:294.31,296.2 1 2
github.com/ionos-cloud/v8go/value.go:300.33,302.2 1 7
github.com/ionos-cloud/v8go/value.go:306.33,308.2 1 2
github.com/ionos-cloud/v8go/value.go:312.35,314.2 1 29
github.com/ionos-cloud/v8go/value.go:317.33,319.2 1 12
github.com/ionos-cloud/v8go/value.go:323.33,325.2 1 2
github.com/ionos-cloud/v8go/value.go:329.34,331.2 1 4
github.com/ionos-cloud/v8go/value.go:335.33,337.2 1 10
github.com/ionos-cloud/v8go/value.go:340.35,343.2 1 1
github.com/ionos-cloud/v8go/value.go:346.32,348.2 1 2
github.com/ionos-cloud/v8go/value.go:351.33,353.2 1 1
github.com/ionos-cloud/v8go/value.go:356.31,358.2 1 1
github.com/ionos-cloud/v8go/value.go:361.42,363.2 1 1
github.com/ionos-cloud/v8go/value.go:366.39,368.2 1 1
github.com/ionos-cloud/v8go/value.go:371.39,373.2 1 2
github.com/ionos-cloud/v8go/value.go:376.39,378.2 1 2
github.com/ionos-cloud/v8go/value.go:381.39,383.2 1 1
github.com/ionos-cloud/v8go/value.go:386.38,388.2 1 3
github.com/ionos-cloud/v8go/value.go:391.33,393.2 1 2
github.com/ionos-cloud/v8go/value.go:396.40,398.2 1 2
github.com/ionos-cloud/v8go/value.go:401.44,403.2 1 1
github.com/ionos-cloud/v8go/value.go:406.42,408.2 1 1
github.com/ionos-cloud/v8go/value.go:411.34,413.2 1 4
github.com/ionos-cloud/v8go/value.go:416.30,418.2 1 1
github.com/ionos-cloud/v8go/value.go:421.30,423.2 1 1
github.com/ionos-cloud/v8go/value.go:426.38,428.2 1 1
github.com/ionos-cloud/v8go/value.go:431.38,433.2 1 1
github.com/ionos-cloud/v8go/value.go:436.34,438.2 1 1
github.com/ionos-cloud/v8go/value.go:441.34,443.2 1 1
github.com/ionos-cloud/v8go/value.go:447.32,449.2 1 3
github.com/ionos-cloud/v8go/value.go:452.38,454.2 1 1
github.com/ionos-cloud/v8go/value.go:457.42,459.2 1 1
github.com/ionos-cloud/v8go/value.go:462.37,464.2 1 2
github.com/ionos-cloud/v8go/value.go:467.37,469.2 1 1
github.com/ionos-cloud/v8go/value.go:472.44,474.2 1 1
github.com/ionos-cloud/v8go/value.go:477.36,479.2 1 1
github.com/ionos-cloud/v8go/value.go:482.38,484.2 1 1
github.com/ionos-cloud/v8go/value.go:487.37,489.2 1 1
github.com/ionos-cloud/v8go/value.go:492.38,494.2 1 1
github.com/ionos-cloud/v8go/value.go:497.37,499.2 1 1
github.com/ionos-cloud/v8go/value.go:502.39,504.2 1 1
github.com/ionos-cloud/v8go/value.go:507.39,509.2 1 1
github.com/ionos-cloud/v8go/value.go:512.40,514.2 1 1
github.com/ionos-cloud/v8go/value.go:517.41,519.2 1 1
github.com/ionos-cloud/v8go/value.go:522.35,524.2 1 1
github.com/ionos-cloud/v8go/value.go:527.44,529.2 1 1
github.com/ionos-cloud/v8go/value.go:532.32,534.2 1 1
github.com/ionos-cloud/v8go/value.go:537.27,539.2 1 5
github.com/ionos-cloud/v8go/value.go:542.43,545.2 1 0
github.com/ionos-cloud/v8go/value.go:548.48,551.2 1 0
github.com/ionos-cloud/v8go/value.go:555.45,556.19 1 8
github.com/ionos-cloud/v8go/value.go:556.19,558.3 1 1
github.com/ionos-cloud/v8go/value.go:560.2,560.24 1 7
github.com/ionos-cloud/v8go/value.go:563.47,564.20 1 3
github.com/ionos-cloud/v8go/value.go:564.20,566.3 1 1
github.com/ionos-cloud/v8go/value.go:567.2,567.34 1 2
github.com/ionos-cloud/v8go/value.go:570.49,571.21 1 20
github.com/ionos-cloud/v8go/value.go:571.21,573.3 1 2
github.com/ionos-cloud/v8go/value.go:574.2,574.26 1 18
github.com/ionos-cloud/v8go/value.go:578.47,580.16 2 4
github.com/ionos-cloud/v8go/value.go:580.16,582.3 1 1
github.com/ionos-cloud/v8go/value.go:583.2,583.29 1 3
